<?xml version="1.0" encoding="UTF-8"?>
<!-- Generated by org.testng.reporters.JUnitXMLReporter -->
<testsuite ignored="10" hostname="DESKTOP-HACB02N" failures="0" tests="1" name="Default test" time="36.173" errors="0" timestamp="2023-01-17T16:20:02 IST">
  <testcase classname="rahulshetty01.test1" name="radiobutton" time="6.829"/>
  <testcase classname="rahulshetty01.test1" name="hideshow" time="0.0">
    <ignored/>
  </testcase> <!-- hideshow -->
  <testcase classname="rahulshetty01.test1" name="scroll" time="0.0">
    <ignored/>
  </testcase> <!-- scroll -->
  <testcase classname="rahulshetty01.test1" name="Mouse_hover" time="0.0">
    <ignored/>
  </testcase> <!-- Mouse_hover -->
  <testcase classname="rahulshetty01.test1" name="autosugg" time="0.0">
    <ignored/>
  </testcase> <!-- autosugg -->
  <testcase classname="rahulshetty01.test1" name="dropdown" time="0.0">
    <ignored/>
  </testcase> <!-- dropdown -->
  <testcase classname="rahulshetty01.test1" name="openwindow" time="0.0">
    <ignored/>
  </testcase> <!-- openwindow -->
  <testcase classname="rahulshetty01.test1" name="opentab" time="0.0">
    <ignored/>
  </testcase> <!-- opentab -->
  <testcase classname="rahulshetty01.test1" name="alerts" time="0.0">
    <ignored/>
  </testcase> <!-- alerts -->
  <testcase classname="rahulshetty01.test1" name="checkbox" time="0.0">
    <ignored/>
  </testcase> <!-- checkbox -->
  <testcase classname="rahulshetty01.test1" name="frames" time="0.0">
    <ignored/>
  </testcase> <!-- frames -->
</testsuite> <!-- Default test -->
