<?xml version="1.0" encoding="UTF-8"?>
<testng-results ignored="3" total="4" passed="1" failed="0" skipped="0">
  <reporter-output>
  </reporter-output>
  <suite started-at="2023-01-29T20:33:27 IST" name="Suite" finished-at="2023-01-29T20:34:23 IST" duration-ms="56246">
    <groups>
      <group name="textbox">
        <method signature="groups.testcase1()[pri:0, instance:satish12345.groups@73e22a3d]" name="testcase1" class="satish12345.groups"/>
      </group> <!-- textbox -->
    </groups>
    <test started-at="2023-01-29T20:33:27 IST" name="Test" finished-at="2023-01-29T20:34:23 IST" duration-ms="56246">
      <class name="satish12345.groups">
        <test-method is-config="true" signature="beforetest()[pri:0, instance:satish12345.groups@73e22a3d]" started-at="2023-01-29T20:33:27 IST" name="beforetest" finished-at="2023-01-29T20:34:09 IST" duration-ms="42780" status="PASS">
          <reporter-output>
          </reporter-output>
        </test-method> <!-- beforetest -->
        <test-method signature="testcase1()[pri:0, instance:satish12345.groups@73e22a3d]" started-at="2023-01-29T20:34:09 IST" name="testcase1" finished-at="2023-01-29T20:34:23 IST" duration-ms="13405" status="PASS">
          <reporter-output>
          </reporter-output>
        </test-method> <!-- testcase1 -->
      </class> <!-- satish12345.groups -->
    </test> <!-- Test -->
  </suite> <!-- Suite -->
</testng-results>
