<?xml version="1.0" encoding="UTF-8"?>
<testng-results ignored="0" total="4" passed="4" failed="0" skipped="0">
  <reporter-output>
  </reporter-output>
  <suite started-at="2023-01-29T19:10:37 IST" name="Default suite" finished-at="2023-01-29T19:13:19 IST" duration-ms="162629">
    <groups>
    </groups>
    <test started-at="2023-01-29T19:10:37 IST" name="Default test" finished-at="2023-01-29T19:13:19 IST" duration-ms="162629">
      <class name="mobiletesting1.banjara_extent_report">
        <test-method is-config="true" signature="bt()[pri:0, instance:mobiletesting1.banjara_extent_report@7526515b]" started-at="2023-01-29T19:10:37 IST" name="bt" finished-at="2023-01-29T19:10:37 IST" duration-ms="776" status="PASS">
          <reporter-output>
          </reporter-output>
        </test-method> <!-- bt -->
        <test-method signature="Login()[pri:0, instance:mobiletesting1.banjara_extent_report@7526515b]" started-at="2023-01-29T19:10:37 IST" name="Login" finished-at="2023-01-29T19:11:12 IST" duration-ms="34144" status="PASS">
          <reporter-output>
          </reporter-output>
        </test-method> <!-- Login -->
        <test-method signature="Select_Ride()[pri:1, instance:mobiletesting1.banjara_extent_report@7526515b]" started-at="2023-01-29T19:11:12 IST" name="Select_Ride" finished-at="2023-01-29T19:12:33 IST" duration-ms="81713" status="PASS">
          <reporter-output>
          </reporter-output>
        </test-method> <!-- Select_Ride -->
        <test-method signature="Search_option()[pri:2, instance:mobiletesting1.banjara_extent_report@7526515b]" started-at="2023-01-29T19:12:33 IST" name="Search_option" finished-at="2023-01-29T19:12:44 IST" duration-ms="10445" status="PASS">
          <reporter-output>
          </reporter-output>
        </test-method> <!-- Search_option -->
        <test-method signature="Call_option()[pri:3, instance:mobiletesting1.banjara_extent_report@7526515b]" started-at="2023-01-29T19:12:44 IST" name="Call_option" finished-at="2023-01-29T19:13:19 IST" duration-ms="35443" status="PASS">
          <reporter-output>
          </reporter-output>
        </test-method> <!-- Call_option -->
      </class> <!-- mobiletesting1.banjara_extent_report -->
    </test> <!-- Default test -->
  </suite> <!-- Default suite -->
</testng-results>
