<?xml version="1.0" encoding="UTF-8"?>
<testng-results ignored="10" total="11" passed="1" failed="0" skipped="0">
  <reporter-output>
  </reporter-output>
  <suite started-at="2023-01-17T16:19:26 IST" name="Default suite" finished-at="2023-01-17T16:20:02 IST" duration-ms="36173">
    <groups>
    </groups>
    <test started-at="2023-01-17T16:19:26 IST" name="Default test" finished-at="2023-01-17T16:20:02 IST" duration-ms="36173">
      <class name="rahulshetty01.test1">
        <test-method is-config="true" signature="beforeTest()[pri:0, instance:rahulshetty01.test1@56cdfb3b]" started-at="2023-01-17T16:19:26 IST" name="beforeTest" finished-at="2023-01-17T16:19:55 IST" duration-ms="28905" status="PASS">
          <reporter-output>
          </reporter-output>
        </test-method> <!-- beforeTest -->
        <test-method signature="radiobutton()[pri:0, instance:rahulshetty01.test1@56cdfb3b]" started-at="2023-01-17T16:19:55 IST" name="radiobutton" finished-at="2023-01-17T16:20:02 IST" duration-ms="6829" status="PASS">
          <reporter-output>
          </reporter-output>
        </test-method> <!-- radiobutton -->
      </class> <!-- rahulshetty01.test1 -->
    </test> <!-- Default test -->
  </suite> <!-- Default suite -->
</testng-results>
