<?xml version="1.0" encoding="UTF-8"?>
<testng-results ignored="0" total="1" passed="1" failed="0" skipped="0">
  <reporter-output>
  </reporter-output>
  <suite started-at="2023-01-20T16:19:32 IST" name="Default suite" finished-at="2023-01-20T16:21:13 IST" duration-ms="100827">
    <groups>
    </groups>
    <test started-at="2023-01-20T16:19:32 IST" name="Default test" finished-at="2023-01-20T16:21:13 IST" duration-ms="100827">
      <class name="mobile.mob">
        <test-method is-config="true" signature="bt()[pri:0, instance:mobile.mob@158d2680]" started-at="2023-01-20T16:19:32 IST" name="bt" finished-at="2023-01-20T16:20:33 IST" duration-ms="60640" status="PASS">
          <reporter-output>
          </reporter-output>
        </test-method> <!-- bt -->
        <test-method signature="f()[pri:0, instance:mobile.mob@158d2680]" started-at="2023-01-20T16:20:33 IST" name="f" finished-at="2023-01-20T16:21:13 IST" duration-ms="39960" status="PASS">
          <reporter-output>
          </reporter-output>
        </test-method> <!-- f -->
      </class> <!-- mobile.mob -->
    </test> <!-- Default test -->
  </suite> <!-- Default suite -->
</testng-results>
