<?xml version="1.0" encoding="UTF-8"?>
<!-- Generated by org.testng.reporters.JUnitXMLReporter -->
<testsuite ignored="0" hostname="DESKTOP-HACB02N" failures="0" tests="4" name="Default test" time="162.629" errors="0" timestamp="2023-01-29T19:13:19 IST">
  <testcase classname="mobiletesting1.banjara_extent_report" name="Login" time="34.144"/>
  <testcase classname="mobiletesting1.banjara_extent_report" name="Select_Ride" time="81.713"/>
  <testcase classname="mobiletesting1.banjara_extent_report" name="Search_option" time="10.445"/>
  <testcase classname="mobiletesting1.banjara_extent_report" name="Call_option" time="35.443"/>
</testsuite> <!-- Default test -->
