<?xml version="1.0" encoding="UTF-8"?>
<!-- Generated by org.testng.reporters.JUnitXMLReporter -->
<testsuite ignored="0" hostname="LAPPY" failures="0" tests="9" name="Default test" time="56.778" errors="0" timestamp="2023-01-05T10:48:52 IST">
  <testcase classname="task_rahuls.task12" name="alerts" time="7.433"/>
  <testcase classname="task_rahuls.task12" name="autosugg" time="2.645"/>
  <testcase classname="task_rahuls.task12" name="checkbox" time="6.625"/>
  <testcase classname="task_rahuls.task12" name="dropdown" time="0.372"/>
  <testcase classname="task_rahuls.task12" name="hideshow" time="2.536"/>
  <testcase classname="task_rahuls.task12" name="opentab" time="0.388"/>
  <testcase classname="task_rahuls.task12" name="openwindow" time="11.113"/>
  <testcase classname="task_rahuls.task12" name="radiobutton" time="6.935"/>
  <testcase classname="task_rahuls.task12" name="scroll" time="3.021"/>
</testsuite> <!-- Default test -->
