<?xml version="1.0" encoding="UTF-8"?>
<!-- Generated by org.testng.reporters.JUnitXMLReporter -->
<testsuite ignored="0" hostname="DESKTOP-HACB02N" failures="0" tests="4" name="Default test" time="59.235" errors="0" timestamp="2023-01-29T20:23:10 IST">
  <testcase classname="satish12345.groups" name="testcase1" time="13.712"/>
  <testcase classname="satish12345.groups" name="testcase2" time="5.457"/>
  <testcase classname="satish12345.groups" name="testcase3" time="0.012"/>
  <testcase classname="satish12345.groups" name="testcase4" time="0.004"/>
</testsuite> <!-- Default test -->
