<?xml version="1.0" encoding="UTF-8"?>
<!-- Generated by org.testng.reporters.JUnitXMLReporter -->
<testsuite ignored="3" hostname="DESKTOP-HACB02N" failures="1" tests="1" name="Test(failed)" time="2.218" errors="0" timestamp="2022-12-14T15:02:55 IST">
  <testcase classname="satish12345.groups" name="testcase1" time="2.118">
    <failure type="java.lang.NullPointerException" message="Cannot invoke &amp;quot;org.openqa.selenium.WebDriver.findElement(org.openqa.selenium.By)&amp;quot; because &amp;quot;this.wd&amp;quot; is null">
      <![CDATA[java.lang.NullPointerException: Cannot invoke "org.openqa.selenium.WebDriver.findElement(org.openqa.selenium.By)" because "this.wd" is null
at satish12345.groups.testcase1(groups.java:33)
at java.base/java.util.ArrayList.forEach(ArrayList.java:1511)
... Removed 27 stack frames]]>
    </failure>
  </testcase> <!-- testcase1 -->
  <testcase classname="satish12345.groups" name="testcase2" time="0.0">
    <ignored/>
  </testcase> <!-- testcase2 -->
  <testcase classname="satish12345.groups" name="testcase3" time="0.0">
    <ignored/>
  </testcase> <!-- testcase3 -->
  <testcase classname="satish12345.groups" name="testcase4" time="0.0">
    <ignored/>
  </testcase> <!-- testcase4 -->
</testsuite> <!-- Test(failed) -->
