<?xml version="1.0" encoding="UTF-8"?>
<!-- Generated by org.testng.reporters.JUnitXMLReporter -->
<testsuite ignored="3" hostname="DESKTOP-HACB02N" failures="0" tests="1" name="Test" time="56.246" errors="0" timestamp="2023-01-29T20:34:23 IST">
  <testcase classname="satish12345.groups" name="testcase1" time="13.405"/>
  <testcase classname="satish12345.groups" name="testcase2" time="0.0">
    <ignored/>
  </testcase> <!-- testcase2 -->
  <testcase classname="satish12345.groups" name="testcase3" time="0.0">
    <ignored/>
  </testcase> <!-- testcase3 -->
  <testcase classname="satish12345.groups" name="testcase4" time="0.0">
    <ignored/>
  </testcase> <!-- testcase4 -->
</testsuite> <!-- Test -->
